<?xml version="1.0" encoding="UTF-8"?>
<!-- Generated by org.testng.reporters.JUnitXMLReporter -->
<testsuite ignored="3" hostname="Jarvis" failures="0" tests="1" name="Default test" time="6.823" errors="0" timestamp="04 May 2023 08:51:20 GMT">
  <testcase classname="com.qa.opencart.tests.LoginPageTests" name="loginPageTitleTest" time="0.026"/>
  <testcase classname="com.qa.opencart.tests.LoginPageTests" name="loginTest" time="0.0">
    <ignored/>
  </testcase> <!-- loginTest -->
  <testcase classname="com.qa.opencart.tests.LoginPageTests" name="forgotPwdLinkExistTest" time="0.0">
    <ignored/>
  </testcase> <!-- forgotPwdLinkExistTest -->
  <testcase classname="com.qa.opencart.tests.LoginPageTests" name="loginPageUrlTest" time="0.0">
    <ignored/>
  </testcase> <!-- loginPageUrlTest -->
</testsuite> <!-- Default test -->
