<?xml version="1.0" encoding="UTF-8"?>
<testng-results ignored="3" total="4" passed="1" failed="0" skipped="0">
  <reporter-output>
  </reporter-output>
  <suite started-at="2023-05-04T08:51:13Z" name="Default suite" finished-at="2023-05-04T08:51:20Z" duration-ms="6823">
    <groups>
    </groups>
    <test started-at="2023-05-04T08:51:13Z" name="Default test" finished-at="2023-05-04T08:51:20Z" duration-ms="6823">
      <class name="com.qa.opencart.tests.LoginPageTests">
        <test-method is-config="true" signature="setup()[pri:0, instance:com.qa.opencart.tests.LoginPageTests@3382f8ae]" started-at="2023-05-04T08:51:13Z" name="setup" finished-at="2023-05-04T08:51:20Z" duration-ms="6594" status="PASS">
          <reporter-output>
          </reporter-output>
        </test-method> <!-- setup -->
        <test-method signature="loginPageTitleTest()[pri:0, instance:com.qa.opencart.tests.LoginPageTests@3382f8ae]" started-at="2023-05-04T08:51:20Z" name="loginPageTitleTest" finished-at="2023-05-04T08:51:20Z" duration-ms="26" status="PASS">
          <reporter-output>
          </reporter-output>
        </test-method> <!-- loginPageTitleTest -->
        <test-method is-config="true" signature="tearDown()[pri:0, instance:com.qa.opencart.tests.LoginPageTests@3382f8ae]" started-at="2023-05-04T08:51:20Z" name="tearDown" finished-at="2023-05-04T08:51:20Z" duration-ms="135" status="PASS">
          <reporter-output>
          </reporter-output>
        </test-method> <!-- tearDown -->
      </class> <!-- com.qa.opencart.tests.LoginPageTests -->
    </test> <!-- Default test -->
  </suite> <!-- Default suite -->
</testng-results>
